2019-11-19 11:02:14,536 ERROR: Exception on /analyse_graph [POST] [in /Users/nderek/Desktop/MTSMusic/venv/lib/python3.7/site-packages/flask/app.py:1761]
Traceback (most recent call last):
  File "/Users/nderek/Desktop/MTSMusic/venv/lib/python3.7/site-packages/flask/app.py", line 2292, in wsgi_app
    response = self.full_dispatch_request()
  File "/Users/nderek/Desktop/MTSMusic/venv/lib/python3.7/site-packages/flask/app.py", line 1815, in full_dispatch_request
    rv = self.handle_user_exception(e)
  File "/Users/nderek/Desktop/MTSMusic/venv/lib/python3.7/site-packages/flask/app.py", line 1718, in handle_user_exception
    reraise(exc_type, exc_value, tb)
  File "/Users/nderek/Desktop/MTSMusic/venv/lib/python3.7/site-packages/flask/_compat.py", line 35, in reraise
    raise value
  File "/Users/nderek/Desktop/MTSMusic/venv/lib/python3.7/site-packages/flask/app.py", line 1813, in full_dispatch_request
    rv = self.dispatch_request()
  File "/Users/nderek/Desktop/MTSMusic/venv/lib/python3.7/site-packages/flask/app.py", line 1799, in dispatch_request
    return self.view_functions[rule.endpoint](**req.view_args)
  File "/Users/nderek/Desktop/MTSMusic/venv/lib/python3.7/site-packages/flask_login/utils.py", line 228, in decorated_view
    return func(*args, **kwargs)
  File "/Users/nderek/Desktop/MTSMusic/app/main/routes.py", line 269, in analyse_graph
    return render_template("graph.html")
  File "/Users/nderek/Desktop/MTSMusic/venv/lib/python3.7/site-packages/flask/templating.py", line 135, in render_template
    context, ctx.app)
  File "/Users/nderek/Desktop/MTSMusic/venv/lib/python3.7/site-packages/flask/templating.py", line 117, in _render
    rv = template.render(context)
  File "/Users/nderek/Desktop/MTSMusic/venv/lib/python3.7/site-packages/jinja2/asyncsupport.py", line 76, in render
    return original_render(self, *args, **kwargs)
  File "/Users/nderek/Desktop/MTSMusic/venv/lib/python3.7/site-packages/jinja2/environment.py", line 1008, in render
    return self.environment.handle_exception(exc_info, True)
  File "/Users/nderek/Desktop/MTSMusic/venv/lib/python3.7/site-packages/jinja2/environment.py", line 780, in handle_exception
    reraise(exc_type, exc_value, tb)
  File "/Users/nderek/Desktop/MTSMusic/venv/lib/python3.7/site-packages/jinja2/_compat.py", line 37, in reraise
    raise value.with_traceback(tb)
  File "/Users/nderek/Desktop/MTSMusic/app/templates/graph.html", line 2, in top-level template code
    {% import 'bootstrap/wtf.html' as wtf %}
  File "/Users/nderek/Desktop/MTSMusic/app/templates/base.html", line 1, in top-level template code
    {% extends 'base_bootstrap.html' %}
  File "/Users/nderek/Desktop/MTSMusic/app/templates/base_bootstrap.html", line 1, in top-level template code
    {% block doc -%}
  File "/Users/nderek/Desktop/MTSMusic/app/templates/base_bootstrap.html", line 4, in block "doc"
    {%- block html %}
  File "/Users/nderek/Desktop/MTSMusic/app/templates/base_bootstrap.html", line 26, in block "html"
    {% block body -%}
  File "/Users/nderek/Desktop/MTSMusic/app/templates/base_bootstrap.html", line 30, in block "body"
    {% block content -%}
  File "/Users/nderek/Desktop/MTSMusic/app/templates/base.html", line 184, in block "content"
    {% block app_content %}{% endblock %}
  File "/Users/nderek/Desktop/MTSMusic/app/templates/graph.html", line 5, in block "app_content"
    <h3> {{ user.username }}</h3>
  File "/Users/nderek/Desktop/MTSMusic/venv/lib/python3.7/site-packages/jinja2/environment.py", line 430, in getattr
    return getattr(obj, attribute)
jinja2.exceptions.UndefinedError: 'user' is undefined
2019-11-19 11:03:58,029 INFO: Microblog startup [in /Users/nderek/Desktop/MTSMusic/app/__init__.py:89]
